Determining if the pthread_create exist failed with the following output:
Change Dir: /home/matteo/catkin_ws/src/qcustomplotDemo/build/CMakeFiles/CMakeTmp

Run Build Command:/usr/bin/make "cmTryCompileExec1022553582/fast"
/usr/bin/make -f CMakeFiles/cmTryCompileExec1022553582.dir/build.make CMakeFiles/cmTryCompileExec1022553582.dir/build
make[1]: Entering directory `/home/matteo/catkin_ws/src/qcustomplotDemo/build/CMakeFiles/CMakeTmp'
/usr/bin/cmake -E cmake_progress_report /home/matteo/catkin_ws/src/qcustomplotDemo/build/CMakeFiles/CMakeTmp/CMakeFiles 1
Building C object CMakeFiles/cmTryCompileExec1022553582.dir/CheckSymbolExists.c.o
/usr/bin/cc    -o CMakeFiles/cmTryCompileExec1022553582.dir/CheckSymbolExists.c.o   -c /home/matteo/catkin_ws/src/qcustomplotDemo/build/CMakeFiles/CMakeTmp/CheckSymbolExists.c
Linking C executable cmTryCompileExec1022553582
/usr/bin/cmake -E cmake_link_script CMakeFiles/cmTryCompileExec1022553582.dir/link.txt --verbose=1
/usr/bin/cc       CMakeFiles/cmTryCompileExec1022553582.dir/CheckSymbolExists.c.o  -o cmTryCompileExec1022553582 -rdynamic 
CMakeFiles/cmTryCompileExec1022553582.dir/CheckSymbolExists.c.o: In function `main':
CheckSymbolExists.c:(.text+0x16): undefined reference to `pthread_create'
collect2: error: ld returned 1 exit status
make[1]: *** [cmTryCompileExec1022553582] Error 1
make[1]: Leaving directory `/home/matteo/catkin_ws/src/qcustomplotDemo/build/CMakeFiles/CMakeTmp'
make: *** [cmTryCompileExec1022553582/fast] Error 2

File /home/matteo/catkin_ws/src/qcustomplotDemo/build/CMakeFiles/CMakeTmp/CheckSymbolExists.c:
/* */
#include <pthread.h>

int main(int argc, char** argv)
{
  (void)argv;
#ifndef pthread_create
  return ((int*)(&pthread_create))[argc];
#else
  (void)argc;
  return 0;
#endif
}

Determining if the function pthread_create exists in the pthreads failed with the following output:
Change Dir: /home/matteo/catkin_ws/src/qcustomplotDemo/build/CMakeFiles/CMakeTmp

Run Build Command:/usr/bin/make "cmTryCompileExec1722595663/fast"
/usr/bin/make -f CMakeFiles/cmTryCompileExec1722595663.dir/build.make CMakeFiles/cmTryCompileExec1722595663.dir/build
make[1]: Entering directory `/home/matteo/catkin_ws/src/qcustomplotDemo/build/CMakeFiles/CMakeTmp'
/usr/bin/cmake -E cmake_progress_report /home/matteo/catkin_ws/src/qcustomplotDemo/build/CMakeFiles/CMakeTmp/CMakeFiles 1
Building C object CMakeFiles/cmTryCompileExec1722595663.dir/CheckFunctionExists.c.o
/usr/bin/cc   -DCHECK_FUNCTION_EXISTS=pthread_create   -o CMakeFiles/cmTryCompileExec1722595663.dir/CheckFunctionExists.c.o   -c /usr/share/cmake-2.8/Modules/CheckFunctionExists.c
Linking C executable cmTryCompileExec1722595663
/usr/bin/cmake -E cmake_link_script CMakeFiles/cmTryCompileExec1722595663.dir/link.txt --verbose=1
/usr/bin/cc   -DCHECK_FUNCTION_EXISTS=pthread_create    CMakeFiles/cmTryCompileExec1722595663.dir/CheckFunctionExists.c.o  -o cmTryCompileExec1722595663 -rdynamic -lpthreads 
/usr/bin/ld: cannot find -lpthreads
collect2: error: ld returned 1 exit status
make[1]: *** [cmTryCompileExec1722595663] Error 1
make[1]: Leaving directory `/home/matteo/catkin_ws/src/qcustomplotDemo/build/CMakeFiles/CMakeTmp'
make: *** [cmTryCompileExec1722595663/fast] Error 2


Determining if the Q_WS_WIN exist failed with the following output:
Change Dir: /home/matteo/catkin_ws/src/qcustomplotDemo/build/CMakeFiles/CMakeTmp

Run Build Command:/usr/bin/make "cmTryCompileExec797405531/fast"
/usr/bin/make -f CMakeFiles/cmTryCompileExec797405531.dir/build.make CMakeFiles/cmTryCompileExec797405531.dir/build
make[1]: Entering directory `/home/matteo/catkin_ws/src/qcustomplotDemo/build/CMakeFiles/CMakeTmp'
/usr/bin/cmake -E cmake_progress_report /home/matteo/catkin_ws/src/qcustomplotDemo/build/CMakeFiles/CMakeTmp/CMakeFiles 1
Building CXX object CMakeFiles/cmTryCompileExec797405531.dir/CheckSymbolExists.cxx.o
/usr/bin/c++    -I/usr/include/qt4    -o CMakeFiles/cmTryCompileExec797405531.dir/CheckSymbolExists.cxx.o -c /home/matteo/catkin_ws/src/qcustomplotDemo/build/CMakeFiles/CMakeTmp/CheckSymbolExists.cxx
/home/matteo/catkin_ws/src/qcustomplotDemo/build/CMakeFiles/CMakeTmp/CheckSymbolExists.cxx: In function ‘int main(int, char**)’:
/home/matteo/catkin_ws/src/qcustomplotDemo/build/CMakeFiles/CMakeTmp/CheckSymbolExists.cxx:8:19: error: ‘Q_WS_WIN’ was not declared in this scope
   return ((int*)(&Q_WS_WIN))[argc];
                   ^
make[1]: *** [CMakeFiles/cmTryCompileExec797405531.dir/CheckSymbolExists.cxx.o] Error 1
make[1]: Leaving directory `/home/matteo/catkin_ws/src/qcustomplotDemo/build/CMakeFiles/CMakeTmp'
make: *** [cmTryCompileExec797405531/fast] Error 2

File /home/matteo/catkin_ws/src/qcustomplotDemo/build/CMakeFiles/CMakeTmp/CheckSymbolExists.cxx:
/* */
#include <QtCore/qglobal.h>

int main(int argc, char** argv)
{
  (void)argv;
#ifndef Q_WS_WIN
  return ((int*)(&Q_WS_WIN))[argc];
#else
  (void)argc;
  return 0;
#endif
}

Determining if the Q_WS_QWS exist failed with the following output:
Change Dir: /home/matteo/catkin_ws/src/qcustomplotDemo/build/CMakeFiles/CMakeTmp

Run Build Command:/usr/bin/make "cmTryCompileExec2764722386/fast"
/usr/bin/make -f CMakeFiles/cmTryCompileExec2764722386.dir/build.make CMakeFiles/cmTryCompileExec2764722386.dir/build
make[1]: Entering directory `/home/matteo/catkin_ws/src/qcustomplotDemo/build/CMakeFiles/CMakeTmp'
/usr/bin/cmake -E cmake_progress_report /home/matteo/catkin_ws/src/qcustomplotDemo/build/CMakeFiles/CMakeTmp/CMakeFiles 1
Building CXX object CMakeFiles/cmTryCompileExec2764722386.dir/CheckSymbolExists.cxx.o
/usr/bin/c++    -I/usr/include/qt4    -o CMakeFiles/cmTryCompileExec2764722386.dir/CheckSymbolExists.cxx.o -c /home/matteo/catkin_ws/src/qcustomplotDemo/build/CMakeFiles/CMakeTmp/CheckSymbolExists.cxx
/home/matteo/catkin_ws/src/qcustomplotDemo/build/CMakeFiles/CMakeTmp/CheckSymbolExists.cxx: In function ‘int main(int, char**)’:
/home/matteo/catkin_ws/src/qcustomplotDemo/build/CMakeFiles/CMakeTmp/CheckSymbolExists.cxx:8:19: error: ‘Q_WS_QWS’ was not declared in this scope
   return ((int*)(&Q_WS_QWS))[argc];
                   ^
make[1]: *** [CMakeFiles/cmTryCompileExec2764722386.dir/CheckSymbolExists.cxx.o] Error 1
make[1]: Leaving directory `/home/matteo/catkin_ws/src/qcustomplotDemo/build/CMakeFiles/CMakeTmp'
make: *** [cmTryCompileExec2764722386/fast] Error 2

File /home/matteo/catkin_ws/src/qcustomplotDemo/build/CMakeFiles/CMakeTmp/CheckSymbolExists.cxx:
/* */
#include <QtCore/qglobal.h>

int main(int argc, char** argv)
{
  (void)argv;
#ifndef Q_WS_QWS
  return ((int*)(&Q_WS_QWS))[argc];
#else
  (void)argc;
  return 0;
#endif
}

Determining if the Q_WS_MAC exist failed with the following output:
Change Dir: /home/matteo/catkin_ws/src/qcustomplotDemo/build/CMakeFiles/CMakeTmp

Run Build Command:/usr/bin/make "cmTryCompileExec2803054422/fast"
/usr/bin/make -f CMakeFiles/cmTryCompileExec2803054422.dir/build.make CMakeFiles/cmTryCompileExec2803054422.dir/build
make[1]: Entering directory `/home/matteo/catkin_ws/src/qcustomplotDemo/build/CMakeFiles/CMakeTmp'
/usr/bin/cmake -E cmake_progress_report /home/matteo/catkin_ws/src/qcustomplotDemo/build/CMakeFiles/CMakeTmp/CMakeFiles 1
Building CXX object CMakeFiles/cmTryCompileExec2803054422.dir/CheckSymbolExists.cxx.o
/usr/bin/c++    -I/usr/include/qt4    -o CMakeFiles/cmTryCompileExec2803054422.dir/CheckSymbolExists.cxx.o -c /home/matteo/catkin_ws/src/qcustomplotDemo/build/CMakeFiles/CMakeTmp/CheckSymbolExists.cxx
/home/matteo/catkin_ws/src/qcustomplotDemo/build/CMakeFiles/CMakeTmp/CheckSymbolExists.cxx: In function ‘int main(int, char**)’:
/home/matteo/catkin_ws/src/qcustomplotDemo/build/CMakeFiles/CMakeTmp/CheckSymbolExists.cxx:8:19: error: ‘Q_WS_MAC’ was not declared in this scope
   return ((int*)(&Q_WS_MAC))[argc];
                   ^
make[1]: *** [CMakeFiles/cmTryCompileExec2803054422.dir/CheckSymbolExists.cxx.o] Error 1
make[1]: Leaving directory `/home/matteo/catkin_ws/src/qcustomplotDemo/build/CMakeFiles/CMakeTmp'
make: *** [cmTryCompileExec2803054422/fast] Error 2

File /home/matteo/catkin_ws/src/qcustomplotDemo/build/CMakeFiles/CMakeTmp/CheckSymbolExists.cxx:
/* */
#include <QtCore/qglobal.h>

int main(int argc, char** argv)
{
  (void)argv;
#ifndef Q_WS_MAC
  return ((int*)(&Q_WS_MAC))[argc];
#else
  (void)argc;
  return 0;
#endif
}

